<?xml version="1.0" encoding="UTF-8"?>
<!-- Generated by org.testng.reporters.JUnitXMLReporter -->
<testsuite hostname="LAPTOP-A25MDK0B" ignored="2" name="Test2" tests="2" failures="0" timestamp="22 Nov 2017 20:11:20 GMT" time="0.013" errors="0">
  <testcase name="Test2" time="0.004" classname="TestNG_TUTORIALS.GroupingExample"/>
  <testcase name="Test4" time="0.004" classname="TestNG_TUTORIALS.GroupingExample"/>
  <testcase name="Test3" time="0.0" classname="TestNG_TUTORIALS.GroupingExample">
    <ignored/>
  </testcase> <!-- Test3 -->
  <testcase name="Test1" time="0.0" classname="TestNG_TUTORIALS.GroupingExample">
    <ignored/>
  </testcase> <!-- Test1 -->
</testsuite> <!-- Test2 -->
