<?xml version="1.0" encoding="UTF-8"?>
<!-- Generated by org.testng.reporters.JUnitXMLReporter -->
<testsuite hostname="LAPTOP-A25MDK0B" ignored="2" name="Test1" tests="2" failures="0" timestamp="22 Nov 2017 20:24:26 GMT" time="0.06" errors="0">
  <testcase name="Test1" time="0.019" classname="TestNG_TUTORIALS.Include_Exclude"/>
  <testcase name="Test3" time="0.003" classname="TestNG_TUTORIALS.Include_Exclude"/>
  <testcase name="Test2" time="0.0" classname="TestNG_TUTORIALS.Include_Exclude">
    <ignored/>
  </testcase> <!-- Test2 -->
  <testcase name="Test4" time="0.0" classname="TestNG_TUTORIALS.Include_Exclude">
    <ignored/>
  </testcase> <!-- Test4 -->
</testsuite> <!-- Test1 -->
